<?xml version="1.0" encoding="UTF-8"?>
<!-- Generated by org.testng.reporters.JUnitReportReporter -->
<testsuite hostname="kavinslaptop" failures="0" tests="1" name="Amazon.AmazonNavigation" time="20.003" errors="0" timestamp="2022-03-26T17:22:58 EDT" skipped="0">
  <testcase classname="Amazon.AmazonNavigation" name="Display" time="20.003"/>
  <system-out/>
</testsuite> <!-- Amazon.AmazonNavigation -->
