<?xml version="1.0" encoding="UTF-8"?>
<!-- Generated by org.testng.reporters.JUnitReportReporter -->
<testsuite hostname="kavinslaptop" failures="0" tests="1" name="Amazon.AmazonNavigation1" time="6.415" errors="0" timestamp="2022-03-26T17:21:32 EDT" skipped="0">
  <testcase classname="Amazon.AmazonNavigation1" name="Display" time="6.415"/>
  <system-out/>
</testsuite> <!-- Amazon.AmazonNavigation1 -->
