<?xml version="1.0" encoding="UTF-8"?>
<!-- Generated by org.testng.reporters.JUnitReportReporter -->
<testsuite hostname="kavinslaptop" failures="0" tests="1" name="Class.test1" time="3.631" errors="0" timestamp="2022-03-24T18:35:36 EDT" skipped="0">
  <testcase classname="Class.test1" name="typeFName_validate" time="3.631"/>
  <system-out/>
</testsuite> <!-- Class.test1 -->
