<?xml version="1.0" encoding="UTF-8"?>
<!-- Generated by org.testng.reporters.JUnitReportReporter -->
<testsuite hostname="kavinslaptop" failures="0" tests="1" name="practice.TestSelenium" time="8.538" errors="0" timestamp="2022-03-24T20:33:30 EDT" skipped="0">
  <testcase classname="practice.TestSelenium" name="Display" time="8.538"/>
  <system-out/>
</testsuite> <!-- practice.TestSelenium -->
