<?xml version="1.0" encoding="UTF-8"?>
<!-- Generated by org.testng.reporters.JUnitReportReporter -->
<testsuite hostname="kavinslaptop" failures="0" tests="3" name="practice.Testnew" time="0.006" errors="0" timestamp="2022-03-22T20:03:41 EDT" skipped="0">
  <testcase classname="practice.Testnew" name="writetestcases" time="0.004"/>
  <system-out/>
  <testcase classname="practice.Testnew" name="Executetestcase" time="0.001"/>
  <system-out/>
  <testcase classname="practice.Testnew" name="Defect" time="0.001"/>
  <system-out/>
</testsuite> <!-- practice.Testnew -->
